0 info it worked if it ends with ok
1 verbose cli [ 'C:\\Program Files\\nodejs\\node.exe',
1 verbose cli   'C:\\Program Files\\nodejs\\node_modules\\npm\\bin\\npm-cli.js',
1 verbose cli   'install',
1 verbose cli   '-g',
1 verbose cli   'enclose' ]
2 info using npm@3.10.10
3 info using node@v6.11.0
4 silly loadCurrentTree Starting
5 silly install loadCurrentTree
6 silly install readGlobalPackageData
7 silly fetchPackageMetaData enclose
8 silly fetchNamedPackageData enclose
9 silly mapToRegistry name enclose
10 silly mapToRegistry using default registry
11 silly mapToRegistry registry https://registry.npmjs.org/
12 silly mapToRegistry data Result {
12 silly mapToRegistry   raw: 'enclose',
12 silly mapToRegistry   scope: null,
12 silly mapToRegistry   escapedName: 'enclose',
12 silly mapToRegistry   name: 'enclose',
12 silly mapToRegistry   rawSpec: '',
12 silly mapToRegistry   spec: 'latest',
12 silly mapToRegistry   type: 'tag' }
13 silly mapToRegistry uri https://registry.npmjs.org/enclose
14 verbose request uri https://registry.npmjs.org/enclose
15 verbose request no auth needed
16 info attempt registry request try #1 at 7:18:40 PM
17 verbose request id 34354dac3ba3879b
18 verbose etag "59f2cb68-699c"
19 verbose lastModified Fri, 27 Oct 2017 6:00:08 GMT
20 http request GET https://registry.npmjs.org/enclose
21 http 304 https://registry.npmjs.org/enclose
22 verbose headers { date: 'Mon, 01 Jan 2018 19:18:40 GMT',
22 verbose headers   via: '1.1 varnish',
22 verbose headers   'cache-control': 'max-age=300',
22 verbose headers   etag: '"59f2cb68-699c"',
22 verbose headers   age: '7922',
22 verbose headers   connection: 'keep-alive',
22 verbose headers   'x-served-by': 'cache-lcy19222-LCY',
22 verbose headers   'x-cache': 'HIT',
22 verbose headers   'x-cache-hits': '1',
22 verbose headers   'x-timer': 'S1514834320.291230,VS0,VE0',
22 verbose headers   vary: 'Accept-Encoding, Accept' }
23 silly get cb [ 304,
23 silly get   { date: 'Mon, 01 Jan 2018 19:18:40 GMT',
23 silly get     via: '1.1 varnish',
23 silly get     'cache-control': 'max-age=300',
23 silly get     etag: '"59f2cb68-699c"',
23 silly get     age: '7922',
23 silly get     connection: 'keep-alive',
23 silly get     'x-served-by': 'cache-lcy19222-LCY',
23 silly get     'x-cache': 'HIT',
23 silly get     'x-cache-hits': '1',
23 silly get     'x-timer': 'S1514834320.291230,VS0,VE0',
23 silly get     vary: 'Accept-Encoding, Accept' } ]
24 verbose etag https://registry.npmjs.org/enclose from cache
25 verbose get saving enclose to C:\Users\harry\AppData\Roaming\npm-cache\registry.npmjs.org\enclose\.cache.json
26 verbose correctMkdir C:\Users\harry\AppData\Roaming\npm-cache correctMkdir not in flight; initializing
27 silly install normalizeTree
28 silly loadCurrentTree Finishing
29 silly loadIdealTree Starting
30 silly install loadIdealTree
31 silly cloneCurrentTree Starting
32 silly install cloneCurrentTreeToIdealTree
33 silly cloneCurrentTree Finishing
34 silly loadShrinkwrap Starting
35 silly install loadShrinkwrap
36 silly loadShrinkwrap Finishing
37 silly loadAllDepsIntoIdealTree Starting
38 silly install loadAllDepsIntoIdealTree
39 silly resolveWithNewModule enclose@2.2.0 checking installable status
40 silly cache add args [ 'enclose', null ]
41 verbose cache add spec enclose
42 silly cache add parsed spec Result {
42 silly cache add   raw: 'enclose',
42 silly cache add   scope: null,
42 silly cache add   escapedName: 'enclose',
42 silly cache add   name: 'enclose',
42 silly cache add   rawSpec: '',
42 silly cache add   spec: 'latest',
42 silly cache add   type: 'tag' }
43 silly addNamed enclose@latest
44 verbose addNamed "latest" is being treated as a dist-tag for enclose
45 info addNameTag [ 'enclose', 'latest' ]
46 silly mapToRegistry name enclose
47 silly mapToRegistry using default registry
48 silly mapToRegistry registry https://registry.npmjs.org/
49 silly mapToRegistry data Result {
49 silly mapToRegistry   raw: 'enclose',
49 silly mapToRegistry   scope: null,
49 silly mapToRegistry   escapedName: 'enclose',
49 silly mapToRegistry   name: 'enclose',
49 silly mapToRegistry   rawSpec: '',
49 silly mapToRegistry   spec: 'latest',
49 silly mapToRegistry   type: 'tag' }
50 silly mapToRegistry uri https://registry.npmjs.org/enclose
51 verbose addNameTag registry:https://registry.npmjs.org/enclose not in flight; fetching
52 verbose get https://registry.npmjs.org/enclose not expired, no request
53 silly addNameTag next cb for enclose with tag latest
54 silly addNamed enclose@2.2.0
55 verbose addNamed "2.2.0" is a plain semver version for enclose
56 silly cache afterAdd enclose@2.2.0
57 verbose afterAdd C:\Users\harry\AppData\Roaming\npm-cache\enclose\2.2.0\package\package.json not in flight; writing
58 verbose correctMkdir C:\Users\harry\AppData\Roaming\npm-cache correctMkdir not in flight; initializing
59 verbose afterAdd C:\Users\harry\AppData\Roaming\npm-cache\enclose\2.2.0\package\package.json written
60 silly fetchNamedPackageData async
61 silly mapToRegistry name async
62 silly mapToRegistry using default registry
63 silly mapToRegistry registry https://registry.npmjs.org/
64 silly mapToRegistry data Result {
64 silly mapToRegistry   raw: 'async',
64 silly mapToRegistry   scope: null,
64 silly mapToRegistry   escapedName: 'async',
64 silly mapToRegistry   name: 'async',
64 silly mapToRegistry   rawSpec: '',
64 silly mapToRegistry   spec: 'latest',
64 silly mapToRegistry   type: 'tag' }
65 silly mapToRegistry uri https://registry.npmjs.org/async
66 verbose request uri https://registry.npmjs.org/async
67 verbose request no auth needed
68 info attempt registry request try #1 at 7:18:40 PM
69 verbose etag "5a484f61-232ed"
70 verbose lastModified Sun, 31 Dec 2017 2:45:53 GMT
71 http request GET https://registry.npmjs.org/async
72 http 304 https://registry.npmjs.org/async
73 verbose headers { date: 'Mon, 01 Jan 2018 19:18:40 GMT',
73 verbose headers   via: '1.1 varnish',
73 verbose headers   'cache-control': 'max-age=300',
73 verbose headers   etag: '"5a484f61-232ed"',
73 verbose headers   age: '1830',
73 verbose headers   connection: 'keep-alive',
73 verbose headers   'x-served-by': 'cache-lcy19222-LCY',
73 verbose headers   'x-cache': 'HIT',
73 verbose headers   'x-cache-hits': '10',
73 verbose headers   'x-timer': 'S1514834320.409654,VS0,VE0',
73 verbose headers   vary: 'Accept-Encoding, Accept' }
74 silly get cb [ 304,
74 silly get   { date: 'Mon, 01 Jan 2018 19:18:40 GMT',
74 silly get     via: '1.1 varnish',
74 silly get     'cache-control': 'max-age=300',
74 silly get     etag: '"5a484f61-232ed"',
74 silly get     age: '1830',
74 silly get     connection: 'keep-alive',
74 silly get     'x-served-by': 'cache-lcy19222-LCY',
74 silly get     'x-cache': 'HIT',
74 silly get     'x-cache-hits': '10',
74 silly get     'x-timer': 'S1514834320.409654,VS0,VE0',
74 silly get     vary: 'Accept-Encoding, Accept' } ]
75 verbose etag https://registry.npmjs.org/async from cache
76 verbose get saving async to C:\Users\harry\AppData\Roaming\npm-cache\registry.npmjs.org\async\.cache.json
77 verbose correctMkdir C:\Users\harry\AppData\Roaming\npm-cache correctMkdir not in flight; initializing
78 silly resolveWithNewModule async@1.5.2 checking installable status
79 silly cache add args [ 'async@^1.5.2', null ]
80 verbose cache add spec async@^1.5.2
81 silly cache add parsed spec Result {
81 silly cache add   raw: 'async@^1.5.2',
81 silly cache add   scope: null,
81 silly cache add   escapedName: 'async',
81 silly cache add   name: 'async',
81 silly cache add   rawSpec: '^1.5.2',
81 silly cache add   spec: '>=1.5.2 <2.0.0',
81 silly cache add   type: 'range' }
82 silly addNamed async@>=1.5.2 <2.0.0
83 verbose addNamed ">=1.5.2 <2.0.0" is a valid semver range for async
84 silly addNameRange { name: 'async', range: '>=1.5.2 <2.0.0', hasData: false }
85 silly mapToRegistry name async
86 silly mapToRegistry using default registry
87 silly mapToRegistry registry https://registry.npmjs.org/
88 silly mapToRegistry data Result {
88 silly mapToRegistry   raw: 'async',
88 silly mapToRegistry   scope: null,
88 silly mapToRegistry   escapedName: 'async',
88 silly mapToRegistry   name: 'async',
88 silly mapToRegistry   rawSpec: '',
88 silly mapToRegistry   spec: 'latest',
88 silly mapToRegistry   type: 'tag' }
89 silly mapToRegistry uri https://registry.npmjs.org/async
90 verbose addNameRange registry:https://registry.npmjs.org/async not in flight; fetching
91 verbose get https://registry.npmjs.org/async not expired, no request
92 silly addNameRange number 2 { name: 'async', range: '>=1.5.2 <2.0.0', hasData: true }
93 silly addNameRange versions [ 'async',
93 silly addNameRange   [ '0.1.0',
93 silly addNameRange     '0.1.1',
93 silly addNameRange     '0.1.2',
93 silly addNameRange     '0.1.3',
93 silly addNameRange     '0.1.4',
93 silly addNameRange     '0.1.5',
93 silly addNameRange     '0.1.6',
93 silly addNameRange     '0.1.7',
93 silly addNameRange     '0.1.8',
93 silly addNameRange     '0.1.9',
93 silly addNameRange     '0.1.10',
93 silly addNameRange     '0.1.11',
93 silly addNameRange     '0.1.12',
93 silly addNameRange     '0.1.13',
93 silly addNameRange     '0.1.14',
93 silly addNameRange     '0.1.15',
93 silly addNameRange     '0.1.16',
93 silly addNameRange     '0.1.17',
93 silly addNameRange     '0.1.18',
93 silly addNameRange     '0.1.19',
93 silly addNameRange     '0.1.20',
93 silly addNameRange     '0.1.21',
93 silly addNameRange     '0.1.22',
93 silly addNameRange     '0.2.0',
93 silly addNameRange     '0.2.1',
93 silly addNameRange     '0.2.2',
93 silly addNameRange     '0.2.3',
93 silly addNameRange     '0.2.4',
93 silly addNameRange     '0.2.5',
93 silly addNameRange     '0.2.6',
93 silly addNameRange     '0.2.7',
93 silly addNameRange     '0.2.8',
93 silly addNameRange     '0.2.9',
93 silly addNameRange     '0.2.10',
93 silly addNameRange     '0.3.0',
93 silly addNameRange     '0.4.0',
93 silly addNameRange     '0.4.1',
93 silly addNameRange     '0.5.0',
93 silly addNameRange     '0.6.0',
93 silly addNameRange     '0.6.1',
93 silly addNameRange     '0.6.2',
93 silly addNameRange     '0.7.0',
93 silly addNameRange     '0.8.0',
93 silly addNameRange     '0.9.0',
93 silly addNameRange     '0.9.2',
93 silly addNameRange     '1.0.0',
93 silly addNameRange     '1.1.0',
93 silly addNameRange     '1.2.0',
93 silly addNameRange     '1.1.1',
93 silly addNameRange     '1.2.1',
93 silly addNameRange     '1.3.0',
93 silly addNameRange     '1.4.0',
93 silly addNameRange     '1.4.1',
93 silly addNameRange     '1.4.2',
93 silly addNameRange     '1.5.0',
93 silly addNameRange     '1.5.1',
93 silly addNameRange     '1.5.2',
93 silly addNameRange     '2.0.0-alpha.0',
93 silly addNameRange     '2.0.0-rc.1',
93 silly addNameRange     '2.0.0-rc.2',
93 silly addNameRange     '2.0.0-rc.3',
93 silly addNameRange     '2.0.0-rc.4',
93 silly addNameRange     '2.0.0-rc.5',
93 silly addNameRange     '2.0.0-rc.6',
93 silly addNameRange     '2.0.0',
93 silly addNameRange     '2.0.1',
93 silly addNameRange     '2.1.0',
93 silly addNameRange     '2.1.1',
93 silly addNameRange     '2.1.2',
93 silly addNameRange     '2.1.4',
93 silly addNameRange     '2.1.5',
93 silly addNameRange     '2.2.0',
93 silly addNameRange     '2.3.0',
93 silly addNameRange     '2.4.0',
93 silly addNameRange     '2.4.1',
93 silly addNameRange     '2.5.0',
93 silly addNameRange     '2.6.0' ] ]
94 silly addNamed async@1.5.2
95 verbose addNamed "1.5.2" is a plain semver version for async
96 silly cache afterAdd async@1.5.2
97 verbose afterAdd C:\Users\harry\AppData\Roaming\npm-cache\async\1.5.2\package\package.json not in flight; writing
98 verbose correctMkdir C:\Users\harry\AppData\Roaming\npm-cache correctMkdir not in flight; initializing
99 verbose afterAdd C:\Users\harry\AppData\Roaming\npm-cache\async\1.5.2\package\package.json written
100 silly loadAllDepsIntoIdealTree Finishing
101 silly loadIdealTree Finishing
102 silly currentTree npm
103 silly idealTree npm
103 silly idealTree `-- enclose@2.2.0
103 silly idealTree   `-- async@1.5.2
104 silly generateActionsToTake Starting
105 silly install generateActionsToTake
106 silly generateActionsToTake Finishing
107 silly diffTrees action count 2
108 silly diffTrees add async@1.5.2
109 silly diffTrees add enclose@2.2.0
110 silly decomposeActions action count 16
111 silly decomposeActions fetch async@1.5.2
112 silly decomposeActions extract async@1.5.2
113 silly decomposeActions test async@1.5.2
114 silly decomposeActions preinstall async@1.5.2
115 silly decomposeActions build async@1.5.2
116 silly decomposeActions install async@1.5.2
117 silly decomposeActions postinstall async@1.5.2
118 silly decomposeActions finalize async@1.5.2
119 silly decomposeActions fetch enclose@2.2.0
120 silly decomposeActions extract enclose@2.2.0
121 silly decomposeActions test enclose@2.2.0
122 silly decomposeActions preinstall enclose@2.2.0
123 silly decomposeActions build enclose@2.2.0
124 silly decomposeActions install enclose@2.2.0
125 silly decomposeActions postinstall enclose@2.2.0
126 silly decomposeActions finalize enclose@2.2.0
127 silly runTopLevelLifecycles Starting
128 silly executeActions Starting
129 silly install executeActions
130 silly doSerial global-install 0
131 silly doParallel fetch 2
132 verbose correctMkdir C:\Users\harry\AppData\Roaming\npm-cache\_locks correctMkdir not in flight; initializing
133 verbose lock using C:\Users\harry\AppData\Roaming\npm-cache\_locks\staging-94267c0793a098e9.lock for C:\Users\harry\AppData\Roaming\npm\node_modules\.staging
134 silly doParallel extract 2
135 silly extract async@1.5.2
136 silly extract enclose@2.2.0
137 verbose unbuild node_modules\.staging\async-e462901e
138 verbose unbuild node_modules\.staging\enclose-eca31286
139 silly gentlyRm C:\Users\harry\AppData\Roaming\npm\node_modules\.staging\async-e462901e is being purged from base C:\Users\harry\AppData\Roaming\npm
140 verbose gentlyRm don't care about contents; nuking C:\Users\harry\AppData\Roaming\npm\node_modules\.staging\async-e462901e
141 verbose tar unpack C:\Users\harry\AppData\Roaming\npm-cache\async\1.5.2\package.tgz
142 verbose tar unpacking to C:\Users\harry\AppData\Roaming\npm\node_modules\.staging\async-e462901e
143 silly gentlyRm C:\Users\harry\AppData\Roaming\npm\node_modules\.staging\async-e462901e is being purged
144 verbose gentlyRm don't care about contents; nuking C:\Users\harry\AppData\Roaming\npm\node_modules\.staging\async-e462901e
145 silly gentlyRm C:\Users\harry\AppData\Roaming\npm\node_modules\.staging\enclose-eca31286 is being purged from base C:\Users\harry\AppData\Roaming\npm
146 verbose gentlyRm don't care about contents; nuking C:\Users\harry\AppData\Roaming\npm\node_modules\.staging\enclose-eca31286
147 silly gunzTarPerm modes [ '777', '666' ]
148 verbose tar unpack C:\Users\harry\AppData\Roaming\npm-cache\enclose\2.2.0\package.tgz
149 verbose tar unpacking to C:\Users\harry\AppData\Roaming\npm\node_modules\.staging\enclose-eca31286
150 silly gentlyRm C:\Users\harry\AppData\Roaming\npm\node_modules\.staging\enclose-eca31286 is being purged
151 verbose gentlyRm don't care about contents; nuking C:\Users\harry\AppData\Roaming\npm\node_modules\.staging\enclose-eca31286
152 silly gunzTarPerm modes [ '777', '666' ]
153 silly gunzTarPerm extractEntry package.json
154 silly gunzTarPerm modified mode [ 'package.json', 436, 438 ]
155 silly gunzTarPerm extractEntry package.json
156 silly gunzTarPerm modified mode [ 'package.json', 420, 438 ]
157 silly gunzTarPerm extractEntry README.md
158 silly gunzTarPerm modified mode [ 'README.md', 436, 438 ]
159 silly gunzTarPerm extractEntry LICENSE
160 silly gunzTarPerm modified mode [ 'LICENSE', 436, 438 ]
161 silly gunzTarPerm extractEntry CHANGELOG.md
162 silly gunzTarPerm modified mode [ 'CHANGELOG.md', 436, 438 ]
163 silly gunzTarPerm extractEntry dist/async.js
164 silly gunzTarPerm modified mode [ 'dist/async.js', 436, 438 ]
165 silly gunzTarPerm extractEntry dist/async.min.js
166 silly gunzTarPerm modified mode [ 'dist/async.min.js', 436, 438 ]
167 silly gunzTarPerm extractEntry lib/async.js
168 silly gunzTarPerm modified mode [ 'lib/async.js', 436, 438 ]
169 silly gunzTarPerm extractEntry .npmignore
170 silly gunzTarPerm modified mode [ '.npmignore', 420, 438 ]
171 silly gunzTarPerm extractEntry README.md
172 silly gunzTarPerm modified mode [ 'README.md', 420, 438 ]
173 silly gunzTarPerm extractEntry postinstall.js
174 silly gunzTarPerm modified mode [ 'postinstall.js', 493, 511 ]
175 silly gunzTarPerm extractEntry CHANGELOG.md
176 silly gunzTarPerm modified mode [ 'CHANGELOG.md', 420, 438 ]
177 silly gunzTarPerm extractEntry LICENSE.txt
178 silly gunzTarPerm modified mode [ 'LICENSE.txt', 420, 438 ]
179 silly gunzTarPerm extractEntry bin/enclose.js
180 silly gunzTarPerm modified mode [ 'bin/enclose.js', 493, 511 ]
181 silly gunzTarPerm extractEntry bin/binaries.json
182 silly gunzTarPerm modified mode [ 'bin/binaries.json', 420, 438 ]
183 silly gunzTarPerm extractEntry examples/20-eslint/package.json
184 silly gunzTarPerm modified mode [ 'examples/20-eslint/package.json', 420, 438 ]
185 silly gunzTarPerm extractEntry examples/20-eslint/compile.js
186 silly gunzTarPerm modified mode [ 'examples/20-eslint/compile.js', 493, 511 ]
187 silly gunzTarPerm extractEntry examples/20-eslint/index.js
188 silly gunzTarPerm modified mode [ 'examples/20-eslint/index.js', 493, 511 ]
189 silly gunzTarPerm extractEntry examples/01-cli/index.js
190 silly gunzTarPerm modified mode [ 'examples/01-cli/index.js', 493, 511 ]
191 silly gunzTarPerm extractEntry examples/03-require/compile.js
192 silly gunzTarPerm modified mode [ 'examples/03-require/compile.js', 493, 511 ]
193 silly gunzTarPerm extractEntry examples/03-require/index.js
194 silly gunzTarPerm modified mode [ 'examples/03-require/index.js', 493, 511 ]
195 silly gunzTarPerm extractEntry examples/03-require/submodule.js
196 silly gunzTarPerm modified mode [ 'examples/03-require/submodule.js', 420, 438 ]
197 silly gunzTarPerm extractEntry examples/04-verbose/compile.js
198 silly gunzTarPerm modified mode [ 'examples/04-verbose/compile.js', 493, 511 ]
199 silly gunzTarPerm extractEntry examples/04-verbose/index.js
200 silly gunzTarPerm modified mode [ 'examples/04-verbose/index.js', 493, 511 ]
201 silly gunzTarPerm extractEntry examples/04-verbose/submodule.js
202 silly gunzTarPerm modified mode [ 'examples/04-verbose/submodule.js', 420, 438 ]
203 silly gunzTarPerm extractEntry examples/05-http-server/compile.js
204 silly gunzTarPerm modified mode [ 'examples/05-http-server/compile.js', 493, 511 ]
205 silly gentlyRm C:\Users\harry\AppData\Roaming\npm\node_modules\.staging\async-e462901e\node_modules is being purged
206 verbose gentlyRm don't care about contents; nuking C:\Users\harry\AppData\Roaming\npm\node_modules\.staging\async-e462901e\node_modules
207 silly gunzTarPerm extractEntry examples/05-http-server/index.js
208 silly gunzTarPerm modified mode [ 'examples/05-http-server/index.js', 493, 511 ]
209 silly gunzTarPerm extractEntry examples/06-http-server-w-assets/compile.js
210 silly gunzTarPerm modified mode [ 'examples/06-http-server-w-assets/compile.js', 493, 511 ]
211 silly gunzTarPerm extractEntry examples/06-http-server-w-assets/config.js
212 silly gunzTarPerm modified mode [ 'examples/06-http-server-w-assets/config.js', 420, 438 ]
213 silly gunzTarPerm extractEntry examples/06-http-server-w-assets/index.js
214 silly gunzTarPerm modified mode [ 'examples/06-http-server-w-assets/index.js', 493, 511 ]
215 silly gunzTarPerm extractEntry examples/06-http-server-w-assets/assets/files/modernizr.js
216 silly gunzTarPerm modified mode [ 'examples/06-http-server-w-assets/assets/files/modernizr.js',
216 silly gunzTarPerm   420,
216 silly gunzTarPerm   438 ]
217 silly gunzTarPerm extractEntry examples/06-http-server-w-assets/assets/files/badge-samples.png
218 silly gunzTarPerm modified mode [ 'examples/06-http-server-w-assets/assets/files/badge-samples.png',
218 silly gunzTarPerm   420,
218 silly gunzTarPerm   438 ]
219 silly gunzTarPerm extractEntry examples/06-http-server-w-assets/assets/files/class-header-3d.jpg
220 silly gunzTarPerm modified mode [ 'examples/06-http-server-w-assets/assets/files/class-header-3d.jpg',
220 silly gunzTarPerm   420,
220 silly gunzTarPerm   438 ]
221 silly gunzTarPerm extractEntry examples/06-http-server-w-assets/assets/files/class-header-connectivity.jpg
222 silly gunzTarPerm modified mode [ 'examples/06-http-server-w-assets/assets/files/class-header-connectivity.jpg',
222 silly gunzTarPerm   420,
222 silly gunzTarPerm   438 ]
223 silly gunzTarPerm extractEntry examples/06-http-server-w-assets/assets/files/class-header-css3.jpg
224 silly gunzTarPerm modified mode [ 'examples/06-http-server-w-assets/assets/files/class-header-css3.jpg',
224 silly gunzTarPerm   420,
224 silly gunzTarPerm   438 ]
225 silly gunzTarPerm extractEntry examples/06-http-server-w-assets/assets/files/class-header-device.jpg
226 silly gunzTarPerm modified mode [ 'examples/06-http-server-w-assets/assets/files/class-header-device.jpg',
226 silly gunzTarPerm   420,
226 silly gunzTarPerm   438 ]
227 silly gunzTarPerm extractEntry examples/06-http-server-w-assets/assets/files/class-header-multimedia.jpg
228 silly gunzTarPerm modified mode [ 'examples/06-http-server-w-assets/assets/files/class-header-multimedia.jpg',
228 silly gunzTarPerm   420,
228 silly gunzTarPerm   438 ]
229 silly gunzTarPerm extractEntry examples/06-http-server-w-assets/assets/files/class-header-offline.jpg
230 silly gunzTarPerm modified mode [ 'examples/06-http-server-w-assets/assets/files/class-header-offline.jpg',
230 silly gunzTarPerm   420,
230 silly gunzTarPerm   438 ]
231 silly gunzTarPerm extractEntry examples/06-http-server-w-assets/assets/files/badgebuilder.css
232 silly gunzTarPerm modified mode [ 'examples/06-http-server-w-assets/assets/files/badgebuilder.css',
232 silly gunzTarPerm   420,
232 silly gunzTarPerm   438 ]
233 silly gunzTarPerm extractEntry examples/06-http-server-w-assets/assets/files/class-header-semantics.jpg
234 silly gunzTarPerm modified mode [ 'examples/06-http-server-w-assets/assets/files/class-header-semantics.jpg',
234 silly gunzTarPerm   420,
234 silly gunzTarPerm   438 ]
235 silly gunzTarPerm extractEntry examples/06-http-server-w-assets/assets/files/default.css
236 silly gunzTarPerm modified mode [ 'examples/06-http-server-w-assets/assets/files/default.css',
236 silly gunzTarPerm   420,
236 silly gunzTarPerm   438 ]
237 silly gunzTarPerm extractEntry examples/06-http-server-w-assets/assets/files/fonts/League_Gothic-webfont.woff
238 silly gunzTarPerm modified mode [ 'examples/06-http-server-w-assets/assets/files/fonts/League_Gothic-webfont.woff',
238 silly gunzTarPerm   420,
238 silly gunzTarPerm   438 ]
239 silly gunzTarPerm extractEntry examples/06-http-server-w-assets/assets/files/fonts/calluna-regular-webfont.woff
240 silly gunzTarPerm modified mode [ 'examples/06-http-server-w-assets/assets/files/fonts/calluna-regular-webfont.woff',
240 silly gunzTarPerm   420,
240 silly gunzTarPerm   438 ]
241 silly gunzTarPerm extractEntry examples/06-http-server-w-assets/assets/files/html5-display.png
242 silly gunzTarPerm modified mode [ 'examples/06-http-server-w-assets/assets/files/html5-display.png',
242 silly gunzTarPerm   420,
242 silly gunzTarPerm   438 ]
243 silly gunzTarPerm extractEntry examples/06-http-server-w-assets/assets/files/html5-topper.png
244 silly gunzTarPerm modified mode [ 'examples/06-http-server-w-assets/assets/files/html5-topper.png',
244 silly gunzTarPerm   420,
244 silly gunzTarPerm   438 ]
245 silly gunzTarPerm extractEntry examples/06-http-server-w-assets/assets/files/logo-aside-orange.png
246 silly gunzTarPerm modified mode [ 'examples/06-http-server-w-assets/assets/files/logo-aside-orange.png',
246 silly gunzTarPerm   420,
246 silly gunzTarPerm   438 ]
247 silly gunzTarPerm extractEntry examples/06-http-server-w-assets/assets/files/class-header-performance.jpg
248 silly gunzTarPerm modified mode [ 'examples/06-http-server-w-assets/assets/files/class-header-performance.jpg',
248 silly gunzTarPerm   420,
248 silly gunzTarPerm   438 ]
249 silly gunzTarPerm extractEntry examples/06-http-server-w-assets/assets/index.html
250 silly gunzTarPerm modified mode [ 'examples/06-http-server-w-assets/assets/index.html',
250 silly gunzTarPerm   420,
250 silly gunzTarPerm   438 ]
251 silly gunzTarPerm extractEntry examples/07-scripts/compile.js
252 silly gunzTarPerm modified mode [ 'examples/07-scripts/compile.js', 493, 511 ]
253 silly gunzTarPerm extractEntry examples/07-scripts/config.js
254 silly gunzTarPerm modified mode [ 'examples/07-scripts/config.js', 420, 438 ]
255 silly gunzTarPerm extractEntry examples/07-scripts/index.js
256 silly gunzTarPerm modified mode [ 'examples/07-scripts/index.js', 493, 511 ]
257 silly gunzTarPerm extractEntry examples/07-scripts/views/profile.js
258 silly gunzTarPerm modified mode [ 'examples/07-scripts/views/profile.js', 420, 438 ]
259 silly gunzTarPerm extractEntry examples/02-cli-via-js/compile.js
260 silly gunzTarPerm modified mode [ 'examples/02-cli-via-js/compile.js', 493, 511 ]
261 silly gunzTarPerm extractEntry examples/02-cli-via-js/index.js
262 silly gunzTarPerm modified mode [ 'examples/02-cli-via-js/index.js', 493, 511 ]
263 silly gunzTarPerm extractEntry examples/21-browserify/package.json
264 silly gunzTarPerm modified mode [ 'examples/21-browserify/package.json', 420, 438 ]
265 silly gunzTarPerm extractEntry examples/21-browserify/compile.js
266 silly gunzTarPerm modified mode [ 'examples/21-browserify/compile.js', 493, 511 ]
267 silly gunzTarPerm extractEntry examples/21-browserify/index.js
268 silly gunzTarPerm modified mode [ 'examples/21-browserify/index.js', 493, 511 ]
269 silly gunzTarPerm extractEntry examples/22-npm/package.json
270 silly gunzTarPerm modified mode [ 'examples/22-npm/package.json', 420, 438 ]
271 silly gunzTarPerm extractEntry examples/22-npm/compile.js
272 silly gunzTarPerm modified mode [ 'examples/22-npm/compile.js', 493, 511 ]
273 silly gunzTarPerm extractEntry examples/22-npm/index.js
274 silly gunzTarPerm modified mode [ 'examples/22-npm/index.js', 493, 511 ]
275 silly gunzTarPerm extractEntry examples/23-thrust/package.json
276 silly gunzTarPerm modified mode [ 'examples/23-thrust/package.json', 420, 438 ]
277 silly gunzTarPerm extractEntry examples/23-thrust/compile.js
278 silly gunzTarPerm modified mode [ 'examples/23-thrust/compile.js', 493, 511 ]
279 silly gunzTarPerm extractEntry examples/23-thrust/index.js
280 silly gunzTarPerm modified mode [ 'examples/23-thrust/index.js', 493, 511 ]
281 silly gunzTarPerm extractEntry examples/24-serialport/package.json
282 silly gunzTarPerm modified mode [ 'examples/24-serialport/package.json', 420, 438 ]
283 silly gunzTarPerm extractEntry examples/24-serialport/compile.js
284 silly gunzTarPerm modified mode [ 'examples/24-serialport/compile.js', 493, 511 ]
285 silly gunzTarPerm extractEntry examples/24-serialport/index.js
286 silly gunzTarPerm modified mode [ 'examples/24-serialport/index.js', 493, 511 ]
287 silly gunzTarPerm extractEntry examples/25-oracle/package.json
288 silly gunzTarPerm modified mode [ 'examples/25-oracle/package.json', 420, 438 ]
289 silly gunzTarPerm extractEntry examples/25-oracle/compile.js
290 silly gunzTarPerm modified mode [ 'examples/25-oracle/compile.js', 493, 511 ]
291 silly gunzTarPerm extractEntry examples/25-oracle/index.js
292 silly gunzTarPerm modified mode [ 'examples/25-oracle/index.js', 493, 511 ]
293 silly gunzTarPerm extractEntry examples/26-sails/package.json
294 silly gunzTarPerm modified mode [ 'examples/26-sails/package.json', 420, 438 ]
295 silly gunzTarPerm extractEntry examples/26-sails/README.md
296 silly gunzTarPerm modified mode [ 'examples/26-sails/README.md', 420, 438 ]
297 silly gunzTarPerm extractEntry examples/26-sails/Gruntfile.js
298 silly gunzTarPerm modified mode [ 'examples/26-sails/Gruntfile.js', 420, 438 ]
299 silly gunzTarPerm extractEntry examples/26-sails/app.js
300 silly gunzTarPerm modified mode [ 'examples/26-sails/app.js', 493, 511 ]
301 silly gunzTarPerm extractEntry examples/26-sails/compile.js
302 silly gunzTarPerm modified mode [ 'examples/26-sails/compile.js', 493, 511 ]
303 silly gunzTarPerm extractEntry examples/26-sails/assets/favicon.ico
304 silly gunzTarPerm modified mode [ 'examples/26-sails/assets/favicon.ico', 420, 438 ]
305 silly gunzTarPerm extractEntry examples/26-sails/assets/images/.gitkeep
306 silly gunzTarPerm modified mode [ 'examples/26-sails/assets/images/.gitkeep', 420, 438 ]
307 silly gunzTarPerm extractEntry examples/26-sails/assets/js/dependencies/sails.io.js
308 silly gunzTarPerm modified mode [ 'examples/26-sails/assets/js/dependencies/sails.io.js',
308 silly gunzTarPerm   420,
308 silly gunzTarPerm   438 ]
309 silly gunzTarPerm extractEntry examples/26-sails/assets/robots.txt
310 silly gunzTarPerm modified mode [ 'examples/26-sails/assets/robots.txt', 420, 438 ]
311 silly gunzTarPerm extractEntry examples/26-sails/assets/styles/importer.less
312 silly gunzTarPerm modified mode [ 'examples/26-sails/assets/styles/importer.less', 420, 438 ]
313 silly gunzTarPerm extractEntry examples/26-sails/assets/templates/.gitkeep
314 silly gunzTarPerm modified mode [ 'examples/26-sails/assets/templates/.gitkeep', 420, 438 ]
315 silly gunzTarPerm extractEntry examples/26-sails/.sailsrc
316 silly gunzTarPerm modified mode [ 'examples/26-sails/.sailsrc', 420, 438 ]
317 silly gunzTarPerm extractEntry examples/26-sails/api/controllers/.gitkeep
318 silly gunzTarPerm modified mode [ 'examples/26-sails/api/controllers/.gitkeep', 420, 438 ]
319 silly gunzTarPerm extractEntry examples/26-sails/api/models/.gitkeep
320 silly gunzTarPerm modified mode [ 'examples/26-sails/api/models/.gitkeep', 420, 438 ]
321 silly gunzTarPerm extractEntry examples/26-sails/api/policies/sessionAuth.js
322 silly gunzTarPerm modified mode [ 'examples/26-sails/api/policies/sessionAuth.js', 420, 438 ]
323 silly gunzTarPerm extractEntry examples/26-sails/api/responses/badRequest.js
324 silly gunzTarPerm modified mode [ 'examples/26-sails/api/responses/badRequest.js', 420, 438 ]
325 silly gunzTarPerm extractEntry examples/26-sails/api/responses/forbidden.js
326 silly gunzTarPerm modified mode [ 'examples/26-sails/api/responses/forbidden.js', 420, 438 ]
327 silly gunzTarPerm extractEntry examples/26-sails/api/responses/notFound.js
328 silly gunzTarPerm modified mode [ 'examples/26-sails/api/responses/notFound.js', 420, 438 ]
329 silly gunzTarPerm extractEntry examples/26-sails/api/responses/ok.js
330 silly gunzTarPerm modified mode [ 'examples/26-sails/api/responses/ok.js', 420, 438 ]
331 silly gunzTarPerm extractEntry examples/26-sails/api/responses/serverError.js
332 silly gunzTarPerm modified mode [ 'examples/26-sails/api/responses/serverError.js', 420, 438 ]
333 silly gunzTarPerm extractEntry examples/26-sails/api/services/.gitkeep
334 silly gunzTarPerm modified mode [ 'examples/26-sails/api/services/.gitkeep', 420, 438 ]
335 silly gunzTarPerm extractEntry examples/26-sails/config/blueprints.js
336 silly gunzTarPerm modified mode [ 'examples/26-sails/config/blueprints.js', 420, 438 ]
337 silly gunzTarPerm extractEntry examples/26-sails/config/csrf.js
338 silly gunzTarPerm modified mode [ 'examples/26-sails/config/csrf.js', 420, 438 ]
339 silly gunzTarPerm extractEntry examples/26-sails/config/sockets.js
340 silly gunzTarPerm modified mode [ 'examples/26-sails/config/sockets.js', 420, 438 ]
341 silly gunzTarPerm extractEntry examples/26-sails/config/globals.js
342 silly gunzTarPerm modified mode [ 'examples/26-sails/config/globals.js', 420, 438 ]
343 silly gunzTarPerm extractEntry examples/26-sails/config/cors.js
344 silly gunzTarPerm modified mode [ 'examples/26-sails/config/cors.js', 420, 438 ]
345 silly gunzTarPerm extractEntry examples/26-sails/config/bootstrap.js
346 silly gunzTarPerm modified mode [ 'examples/26-sails/config/bootstrap.js', 420, 438 ]
347 silly gunzTarPerm extractEntry examples/26-sails/config/session.js
348 silly gunzTarPerm modified mode [ 'examples/26-sails/config/session.js', 420, 438 ]
349 silly gunzTarPerm extractEntry examples/26-sails/config/log.js
350 silly gunzTarPerm modified mode [ 'examples/26-sails/config/log.js', 420, 438 ]
351 silly gunzTarPerm extractEntry examples/26-sails/config/models.js
352 silly gunzTarPerm modified mode [ 'examples/26-sails/config/models.js', 420, 438 ]
353 silly gunzTarPerm extractEntry examples/26-sails/config/policies.js
354 silly gunzTarPerm modified mode [ 'examples/26-sails/config/policies.js', 420, 438 ]
355 silly gunzTarPerm extractEntry examples/26-sails/config/connections.js
356 silly gunzTarPerm modified mode [ 'examples/26-sails/config/connections.js', 420, 438 ]
357 silly gunzTarPerm extractEntry examples/26-sails/config/routes.js
358 silly gunzTarPerm modified mode [ 'examples/26-sails/config/routes.js', 420, 438 ]
359 silly gunzTarPerm extractEntry examples/26-sails/config/http.js
360 silly gunzTarPerm modified mode [ 'examples/26-sails/config/http.js', 420, 438 ]
361 silly gunzTarPerm extractEntry examples/26-sails/config/views.js
362 silly gunzTarPerm modified mode [ 'examples/26-sails/config/views.js', 420, 438 ]
363 silly gunzTarPerm extractEntry examples/26-sails/config/i18n.js
364 silly gunzTarPerm modified mode [ 'examples/26-sails/config/i18n.js', 420, 438 ]
365 silly gunzTarPerm extractEntry examples/26-sails/config/locales/_README.md
366 silly gunzTarPerm modified mode [ 'examples/26-sails/config/locales/_README.md', 420, 438 ]
367 silly gunzTarPerm extractEntry examples/26-sails/config/locales/de.json
368 silly gunzTarPerm modified mode [ 'examples/26-sails/config/locales/de.json', 420, 438 ]
369 silly gunzTarPerm extractEntry examples/26-sails/config/locales/en.json
370 silly gunzTarPerm modified mode [ 'examples/26-sails/config/locales/en.json', 420, 438 ]
371 silly gunzTarPerm extractEntry examples/26-sails/config/locales/es.json
372 silly gunzTarPerm modified mode [ 'examples/26-sails/config/locales/es.json', 420, 438 ]
373 silly gunzTarPerm extractEntry examples/26-sails/config/locales/fr.json
374 silly gunzTarPerm modified mode [ 'examples/26-sails/config/locales/fr.json', 420, 438 ]
375 silly gunzTarPerm extractEntry examples/26-sails/config/env/development.js
376 silly gunzTarPerm modified mode [ 'examples/26-sails/config/env/development.js', 420, 438 ]
377 silly gunzTarPerm extractEntry examples/26-sails/config/env/production.js
378 silly gunzTarPerm modified mode [ 'examples/26-sails/config/env/production.js', 420, 438 ]
379 silly gunzTarPerm extractEntry examples/26-sails/.editorconfig
380 silly gunzTarPerm modified mode [ 'examples/26-sails/.editorconfig', 420, 438 ]
381 silly gunzTarPerm extractEntry examples/26-sails/tasks/README.md
382 silly gunzTarPerm modified mode [ 'examples/26-sails/tasks/README.md', 420, 438 ]
383 silly gunzTarPerm extractEntry examples/26-sails/tasks/pipeline.js
384 silly gunzTarPerm modified mode [ 'examples/26-sails/tasks/pipeline.js', 420, 438 ]
385 silly gunzTarPerm extractEntry examples/26-sails/tasks/config/clean.js
386 silly gunzTarPerm modified mode [ 'examples/26-sails/tasks/config/clean.js', 420, 438 ]
387 silly gunzTarPerm extractEntry examples/26-sails/tasks/config/concat.js
388 silly gunzTarPerm modified mode [ 'examples/26-sails/tasks/config/concat.js', 420, 438 ]
389 silly gunzTarPerm extractEntry examples/26-sails/tasks/config/copy.js
390 silly gunzTarPerm modified mode [ 'examples/26-sails/tasks/config/copy.js', 420, 438 ]
391 silly gunzTarPerm extractEntry examples/26-sails/tasks/config/cssmin.js
392 silly gunzTarPerm modified mode [ 'examples/26-sails/tasks/config/cssmin.js', 420, 438 ]
393 silly gunzTarPerm extractEntry examples/26-sails/tasks/config/coffee.js
394 silly gunzTarPerm modified mode [ 'examples/26-sails/tasks/config/coffee.js', 420, 438 ]
395 silly gunzTarPerm extractEntry examples/26-sails/tasks/config/less.js
396 silly gunzTarPerm modified mode [ 'examples/26-sails/tasks/config/less.js', 420, 438 ]
397 silly gunzTarPerm extractEntry examples/26-sails/tasks/config/sails-linker.js
398 silly gunzTarPerm modified mode [ 'examples/26-sails/tasks/config/sails-linker.js', 420, 438 ]
399 silly gunzTarPerm extractEntry examples/26-sails/tasks/config/sync.js
400 silly gunzTarPerm modified mode [ 'examples/26-sails/tasks/config/sync.js', 420, 438 ]
401 silly gunzTarPerm extractEntry examples/26-sails/tasks/config/uglify.js
402 silly gunzTarPerm modified mode [ 'examples/26-sails/tasks/config/uglify.js', 420, 438 ]
403 silly gunzTarPerm extractEntry examples/26-sails/tasks/config/watch.js
404 silly gunzTarPerm modified mode [ 'examples/26-sails/tasks/config/watch.js', 420, 438 ]
405 silly gunzTarPerm extractEntry examples/26-sails/tasks/config/jst.js
406 silly gunzTarPerm modified mode [ 'examples/26-sails/tasks/config/jst.js', 420, 438 ]
407 silly gunzTarPerm extractEntry examples/26-sails/tasks/register/build.js
408 silly gunzTarPerm modified mode [ 'examples/26-sails/tasks/register/build.js', 420, 438 ]
409 silly gunzTarPerm extractEntry examples/26-sails/tasks/register/buildProd.js
410 silly gunzTarPerm modified mode [ 'examples/26-sails/tasks/register/buildProd.js', 420, 438 ]
411 silly gunzTarPerm extractEntry examples/26-sails/tasks/register/compileAssets.js
412 silly gunzTarPerm modified mode [ 'examples/26-sails/tasks/register/compileAssets.js', 420, 438 ]
413 silly gunzTarPerm extractEntry examples/26-sails/tasks/register/default.js
414 silly gunzTarPerm modified mode [ 'examples/26-sails/tasks/register/default.js', 420, 438 ]
415 silly gunzTarPerm extractEntry examples/26-sails/tasks/register/linkAssets.js
416 silly gunzTarPerm modified mode [ 'examples/26-sails/tasks/register/linkAssets.js', 420, 438 ]
417 silly gunzTarPerm extractEntry examples/26-sails/tasks/register/linkAssetsBuild.js
418 silly gunzTarPerm modified mode [ 'examples/26-sails/tasks/register/linkAssetsBuild.js',
418 silly gunzTarPerm   420,
418 silly gunzTarPerm   438 ]
419 silly gunzTarPerm extractEntry examples/26-sails/tasks/register/linkAssetsBuildProd.js
420 silly gunzTarPerm modified mode [ 'examples/26-sails/tasks/register/linkAssetsBuildProd.js',
420 silly gunzTarPerm   420,
420 silly gunzTarPerm   438 ]
421 silly gunzTarPerm extractEntry examples/26-sails/tasks/register/prod.js
422 silly gunzTarPerm modified mode [ 'examples/26-sails/tasks/register/prod.js', 420, 438 ]
423 silly gunzTarPerm extractEntry examples/26-sails/tasks/register/syncAssets.js
424 silly gunzTarPerm modified mode [ 'examples/26-sails/tasks/register/syncAssets.js', 420, 438 ]
425 silly gunzTarPerm extractEntry examples/26-sails/views/403.ejs
426 silly gunzTarPerm modified mode [ 'examples/26-sails/views/403.ejs', 420, 438 ]
427 silly gunzTarPerm extractEntry examples/26-sails/views/404.ejs
428 silly gunzTarPerm modified mode [ 'examples/26-sails/views/404.ejs', 420, 438 ]
429 silly gunzTarPerm extractEntry examples/26-sails/views/500.ejs
430 silly gunzTarPerm modified mode [ 'examples/26-sails/views/500.ejs', 420, 438 ]
431 silly gunzTarPerm extractEntry examples/26-sails/views/homepage.ejs
432 silly gunzTarPerm modified mode [ 'examples/26-sails/views/homepage.ejs', 420, 438 ]
433 silly gunzTarPerm extractEntry examples/26-sails/views/layout.ejs
434 silly gunzTarPerm modified mode [ 'examples/26-sails/views/layout.ejs', 420, 438 ]
435 silly gentlyRm C:\Users\harry\AppData\Roaming\npm\node_modules\.staging\enclose-eca31286\node_modules is being purged
436 verbose gentlyRm don't care about contents; nuking C:\Users\harry\AppData\Roaming\npm\node_modules\.staging\enclose-eca31286\node_modules
437 silly doParallel preinstall 2
438 silly preinstall async@1.5.2 C:\Users\harry\AppData\Roaming\npm\node_modules\.staging\async-e462901e
439 info lifecycle async@1.5.2~preinstall: async@1.5.2
440 silly preinstall enclose@2.2.0 C:\Users\harry\AppData\Roaming\npm\node_modules\.staging\enclose-eca31286
441 info lifecycle enclose@2.2.0~preinstall: enclose@2.2.0
442 silly lifecycle async@1.5.2~preinstall: no script for preinstall, continuing
443 silly lifecycle enclose@2.2.0~preinstall: no script for preinstall, continuing
444 silly doReverseSerial remove 0
445 silly doSerial move 0
446 silly doSerial finalize 2
447 silly finalize C:\Users\harry\AppData\Roaming\npm\node_modules\enclose\node_modules\async
448 silly finalize C:\Users\harry\AppData\Roaming\npm\node_modules\enclose
449 silly doSerial build 2
450 silly build async@1.5.2
451 info linkStuff async@1.5.2
452 silly linkStuff async@1.5.2 has C:\Users\harry\AppData\Roaming\npm\node_modules\enclose\node_modules as its parent node_modules
453 silly linkStuff async@1.5.2 is part of a global install
454 silly linkStuff async@1.5.2 is installed into a global node_modules
455 verbose linkBins async@1.5.2
456 verbose linkMans async@1.5.2
457 silly build enclose@2.2.0
458 info linkStuff enclose@2.2.0
459 silly linkStuff enclose@2.2.0 has C:\Users\harry\AppData\Roaming\npm\node_modules as its parent node_modules
460 silly linkStuff enclose@2.2.0 is part of a global install
461 silly linkStuff enclose@2.2.0 is installed into a global node_modules
462 silly linkStuff enclose@2.2.0 is installed into the top-level global node_modules
463 verbose linkBins enclose@2.2.0
464 verbose link bins [ { enclose: 'bin/enclose.js' },
464 verbose link bins   'C:\\Users\\harry\\AppData\\Roaming\\npm',
464 verbose link bins   true ]
465 verbose linkMans enclose@2.2.0
466 silly doSerial global-link 0
467 silly doParallel update-linked 0
468 silly doSerial install 2
469 silly install async@1.5.2 C:\Users\harry\AppData\Roaming\npm\node_modules\.staging\async-e462901e
470 info lifecycle async@1.5.2~install: async@1.5.2
471 silly lifecycle async@1.5.2~install: no script for install, continuing
472 silly install enclose@2.2.0 C:\Users\harry\AppData\Roaming\npm\node_modules\.staging\enclose-eca31286
473 info lifecycle enclose@2.2.0~install: enclose@2.2.0
474 silly lifecycle enclose@2.2.0~install: no script for install, continuing
475 silly doSerial postinstall 2
476 silly postinstall async@1.5.2 C:\Users\harry\AppData\Roaming\npm\node_modules\.staging\async-e462901e
477 info lifecycle async@1.5.2~postinstall: async@1.5.2
478 silly lifecycle async@1.5.2~postinstall: no script for postinstall, continuing
479 silly postinstall enclose@2.2.0 C:\Users\harry\AppData\Roaming\npm\node_modules\.staging\enclose-eca31286
480 info lifecycle enclose@2.2.0~postinstall: enclose@2.2.0
481 verbose lifecycle enclose@2.2.0~postinstall: unsafe-perm in lifecycle true
482 verbose lifecycle enclose@2.2.0~postinstall: PATH: C:\Program Files\nodejs\node_modules\npm\bin\node-gyp-bin;C:\Users\harry\AppData\Roaming\npm\node_modules\enclose\node_modules\.bin;C:\Users\harry\AppData\Roaming\npm\node_modules\.bin;C:\Program Files\NVIDIA GPU Computing Toolkit\CUDA\v8.0\bin;C:\Program Files\NVIDIA GPU Computing Toolkit\CUDA\v8.0\libnvvp;C:\ProgramData\Oracle\Java\javapath;C:\WINDOWS\system32;C:\WINDOWS;C:\WINDOWS\System32\Wbem;C:\WINDOWS\System32\WindowsPowerShell\v1.0\;C:\Program Files (x86)\NVIDIA Corporation\PhysX\Common;C:\Program Files (x86)\GtkSharp\2.12\bin;C:\Program Files\nodejs\;C:\Program Files\Microsoft SQL Server\130\Tools\Binn\;C:\Program Files\dotnet\;C:\Program Files\Git\cmd;C:\Users\harry\AppData\Local\Programs\Python\Python36-32;;C:\Windows\system32;C:\Windows;C:\Windows\System32\Wbem;C:\Windows\System32\WindowsPowerShell\v1.0\;E:\Program Files (x86)\Python36-32;C:\Users\harry\AppData\Local\Microsoft\WindowsApps;C:\Users\harry\AppData\Roaming\npm;C:\Program Files\Microsoft VS Code\bin;
483 verbose lifecycle enclose@2.2.0~postinstall: CWD: C:\Users\harry\AppData\Roaming\npm\node_modules\enclose
484 silly lifecycle enclose@2.2.0~postinstall: Args: [ '/d /s /c', 'node postinstall.js' ]
485 silly lifecycle enclose@2.2.0~postinstall: Returned: code: 1  signal: null
486 info lifecycle enclose@2.2.0~postinstall: Failed to exec postinstall script
487 verbose unlock done using C:\Users\harry\AppData\Roaming\npm-cache\_locks\staging-94267c0793a098e9.lock for C:\Users\harry\AppData\Roaming\npm\node_modules\.staging
488 silly rollbackFailedOptional Starting
489 silly rollbackFailedOptional Finishing
490 silly runTopLevelLifecycles Finishing
491 silly install printInstalled
492 verbose stack Error: enclose@2.2.0 postinstall: `node postinstall.js`
492 verbose stack Exit status 1
492 verbose stack     at EventEmitter.<anonymous> (C:\Program Files\nodejs\node_modules\npm\lib\utils\lifecycle.js:255:16)
492 verbose stack     at emitTwo (events.js:106:13)
492 verbose stack     at EventEmitter.emit (events.js:191:7)
492 verbose stack     at ChildProcess.<anonymous> (C:\Program Files\nodejs\node_modules\npm\lib\utils\spawn.js:40:14)
492 verbose stack     at emitTwo (events.js:106:13)
492 verbose stack     at ChildProcess.emit (events.js:191:7)
492 verbose stack     at maybeClose (internal/child_process.js:891:16)
492 verbose stack     at Process.ChildProcess._handle.onexit (internal/child_process.js:226:5)
493 verbose pkgid enclose@2.2.0
494 verbose cwd E:\Documents\Programming\Electron\FRJumpCalc
495 error Windows_NT 10.0.16299
496 error argv "C:\\Program Files\\nodejs\\node.exe" "C:\\Program Files\\nodejs\\node_modules\\npm\\bin\\npm-cli.js" "install" "-g" "enclose"
497 error node v6.11.0
498 error npm  v3.10.10
499 error code ELIFECYCLE
500 error enclose@2.2.0 postinstall: `node postinstall.js`
500 error Exit status 1
501 error Failed at the enclose@2.2.0 postinstall script 'node postinstall.js'.
501 error Make sure you have the latest version of node.js and npm installed.
501 error If you do, this is most likely a problem with the enclose package,
501 error not with npm itself.
501 error Tell the author that this fails on your system:
501 error     node postinstall.js
501 error You can get information on how to open an issue for this project with:
501 error     npm bugs enclose
501 error Or if that isn't available, you can get their info via:
501 error     npm owner ls enclose
501 error There is likely additional logging output above.
502 verbose exit [ 1, true ]
